<?xml version="1.0" encoding="UTF-8"?>
<!-- Generated by org.testng.reporters.JUnitReportReporter -->
<testsuite skipped="0" hostname="LAPTOP-VA1S61KV" name="com.bridgelabz.tpcindia.test.TPCIndiaTest" tests="3" failures="0" timestamp="2021-06-15T22:02:59 IST" time="8.414" errors="1">
  <testcase name="tearDown" time="0.225" classname="com.bridgelabz.tpcindia.test.TPCIndiaTest">
    <error type="java.lang.NoClassDefFoundError" message="org/apache/commons/collections4/ListValuedMap">
      <![CDATA[java.lang.NoClassDefFoundError: org/apache/commons/collections4/ListValuedMap
at org.automationtesting.excelreport.Xl.generateReport(Xl.java:60)
at com.bridgelabz.tpcindia.utility.Utility.generateExcelReport(Utility.java:40)
at com.bridgelabz.tpcindia.base.Base.tearDown(Base.java:54)
at sun.reflect.NativeMethodAccessorImpl.invoke0(Native Method)
at sun.reflect.NativeMethodAccessorImpl.invoke(NativeMethodAccessorImpl.java:62)
at sun.reflect.DelegatingMethodAccessorImpl.invoke(DelegatingMethodAccessorImpl.java:43)
at java.lang.reflect.Method.invoke(Method.java:498)
at org.testng.internal.MethodInvocationHelper.invokeMethod(MethodInvocationHelper.java:134)
at org.testng.internal.MethodInvocationHelper.invokeMethodConsideringTimeout(MethodInvocationHelper.java:63)
at org.testng.internal.ConfigInvoker.invokeConfigurationMethod(ConfigInvoker.java:348)
at org.testng.internal.ConfigInvoker.invokeConfigurations(ConfigInvoker.java:302)
at org.testng.TestRunner.invokeTestConfigurations(TestRunner.java:619)
at org.testng.TestRunner.afterRun(TestRunner.java:849)
at org.testng.TestRunner.run(TestRunner.java:590)
at org.testng.SuiteRunner.runTest(SuiteRunner.java:384)
at org.testng.SuiteRunner.runSequentially(SuiteRunner.java:378)
at org.testng.SuiteRunner.privateRun(SuiteRunner.java:337)
at org.testng.SuiteRunner.run(SuiteRunner.java:286)
at org.testng.SuiteRunnerWorker.runSuite(SuiteRunnerWorker.java:53)
at org.testng.SuiteRunnerWorker.run(SuiteRunnerWorker.java:96)
at org.testng.TestNG.runSuitesSequentially(TestNG.java:1187)
at org.testng.TestNG.runSuitesLocally(TestNG.java:1109)
at org.testng.TestNG.runSuites(TestNG.java:1039)
at org.testng.TestNG.run(TestNG.java:1007)
at com.intellij.rt.testng.IDEARemoteTestNG.run(IDEARemoteTestNG.java:66)
at com.intellij.rt.testng.RemoteTestNGStarter.main(RemoteTestNGStarter.java:109)
Caused by: java.lang.ClassNotFoundException: org.apache.commons.collections4.ListValuedMap
at java.net.URLClassLoader.findClass(URLClassLoader.java:382)
at java.lang.ClassLoader.loadClass(ClassLoader.java:418)
at sun.misc.Launcher$AppClassLoader.loadClass(Launcher.java:355)
at java.lang.ClassLoader.loadClass(ClassLoader.java:351)
... 26 more
]]>
    </error>
  </testcase> <!-- tearDown -->
  <system-out/>
  <testcase name="whenTryToTrackWithoutNumber_DisplayAlert_ShouldBeHandle" time="5.444" classname="com.bridgelabz.tpcindia.test.TPCIndiaTest"/>
  <system-out/>
  <testcase name="whenClickLoginButton_DisplayAlter_ShouldBeHandled" time="2.745" classname="com.bridgelabz.tpcindia.test.TPCIndiaTest"/>
  <system-out/>
</testsuite> <!-- com.bridgelabz.tpcindia.test.TPCIndiaTest -->
